WARNING: This is a development server. Do not use it in a production deployment. Use a production WSGI server instead.
 * Running on http://127.0.0.1:5000
Press CTRL+C to quit
 * Restarting with watchdog (windowsapi)
 * Debugger is active!
 * Debugger PIN: 444-548-315
 * Detected change in 'C:\\Users\\darne\\AppData\\Roaming\\Python\\Python313\\site-packages\\flask\\app.py', reloading
 * Restarting with watchdog (windowsapi)
 * Debugger is active!
 * Debugger PIN: 444-548-315
127.0.0.1 - - [26/Jan/2026 15:45:46] "GET / HTTP/1.1" 500 -
Traceback (most recent call last):
  File "C:\Users\darne\AppData\Roaming\Python\Python313\site-packages\flask\app.py", line 1536, in __call__
    return self.wsgi_app(environ, start_response)
           ~~~~~~~~~~~~~^^^^^^^^^^^^^^^^^^^^^^^^^
  File "C:\Users\darne\AppData\Roaming\Python\Python313\site-packages\flask\app.py", line 1514, in wsgi_app
    response = self.handle_exception(e)
  File "C:\Users\darne\AppData\Roaming\Python\Python313\site-packages\flask\app.py", line 1511, in wsgi_app
    response = self.full_dispatch_request()
  File "C:\Users\darne\AppData\Roaming\Python\Python313\site-packages\flask\app.py", line 919, in full_dispatch_request
    rv = self.handle_user_exception(e)
  File "C:\Users\darne\AppData\Roaming\Python\Python313\site-packages\flask\app.py", line 917, in full_dispatch_request
    rv = self.dispatch_request()
  File "C:\Users\darne\AppData\Roaming\Python\Python313\site-packages\flask\app.py", line 902, in dispatch_request
    return self.ensure_sync(self.view_functions[rule.endpoint])(**view_args)  # type: ignore[no-any-return]
           ~~~~~~~~~~~~~~~~~~~~~~~~~~~~~~~~~~~~~~~~~~~~~~~~~~~~^^^^^^^^^^^^^
  File "F:\FamilyArchive\dashboard_v8_final.py", line 64, in dashboard
    return render_template('dashboard_tailwind.html', stats=stats, recent_items=recent_items)
  File "C:\Users\darne\AppData\Roaming\Python\Python313\site-packages\flask\templating.py", line 150, in render_template
    return _render(app, template, context)
  File "C:\Users\darne\AppData\Roaming\Python\Python313\site-packages\flask\templating.py", line 131, in _render
    rv = template.render(context)
  File "C:\Python313\Lib\site-packages\jinja2\environment.py", line 1295, in render
    self.environment.handle_exception()
    ~~~~~~~~~~~~~~~~~~~~~~~~~~~~~~~~~^^
  File "C:\Python313\Lib\site-packages\jinja2\environment.py", line 942, in handle_exception
    raise rewrite_traceback_stack(source=source)
  File "F:\FamilyArchive\templates\dashboard_tailwind.html", line 1, in top-level template code
    {% extends "base.html" %}
  File "F:\FamilyArchive\templates\base.html", line 53, in top-level template code
    {% block content %}{% endblock %}
    ^^^^^^^^^^^^^^^^^
  File "F:\FamilyArchive\templates\dashboard_tailwind.html", line 61, in block 'content'
    <p class="text-xs text-gray-500">{{ item.uploaded_date[:10] }}</p>
    ^^^^^
TypeError: 'NoneType' object is not subscriptable
127.0.0.1 - - [26/Jan/2026 15:45:47] "GET /?__debugger__=yes&cmd=resource&f=style.css HTTP/1.1" 200 -
127.0.0.1 - - [26/Jan/2026 15:45:47] "GET /?__debugger__=yes&cmd=resource&f=debugger.js HTTP/1.1" 200 -
127.0.0.1 - - [26/Jan/2026 15:45:47] "GET /?__debugger__=yes&cmd=resource&f=console.png&s=tnJpyBFUJFlm72BvUfwP HTTP/1.1" 200 -
127.0.0.1 - - [26/Jan/2026 15:45:47] "GET /?__debugger__=yes&cmd=resource&f=console.png HTTP/1.1" 200 -
127.0.0.1 - - [26/Jan/2026 15:45:49] "GET / HTTP/1.1" 500 -
Traceback (most recent call last):
  File "C:\Users\darne\AppData\Roaming\Python\Python313\site-packages\flask\app.py", line 1536, in __call__
    return self.wsgi_app(environ, start_response)
           ~~~~~~~~~~~~~^^^^^^^^^^^^^^^^^^^^^^^^^
  File "C:\Users\darne\AppData\Roaming\Python\Python313\site-packages\flask\app.py", line 1514, in wsgi_app
    response = self.handle_exception(e)
  File "C:\Users\darne\AppData\Roaming\Python\Python313\site-packages\flask\app.py", line 1511, in wsgi_app
    response = self.full_dispatch_request()
  File "C:\Users\darne\AppData\Roaming\Python\Python313\site-packages\flask\app.py", line 919, in full_dispatch_request
    rv = self.handle_user_exception(e)
  File "C:\Users\darne\AppData\Roaming\Python\Python313\site-packages\flask\app.py", line 917, in full_dispatch_request
    rv = self.dispatch_request()
  File "C:\Users\darne\AppData\Roaming\Python\Python313\site-packages\flask\app.py", line 902, in dispatch_request
    return self.ensure_sync(self.view_functions[rule.endpoint])(**view_args)  # type: ignore[no-any-return]
           ~~~~~~~~~~~~~~~~~~~~~~~~~~~~~~~~~~~~~~~~~~~~~~~~~~~~^^^^^^^^^^^^^
  File "F:\FamilyArchive\dashboard_v8_final.py", line 64, in dashboard
    return render_template('dashboard_tailwind.html', stats=stats, recent_items=recent_items)
  File "C:\Users\darne\AppData\Roaming\Python\Python313\site-packages\flask\templating.py", line 150, in render_template
    return _render(app, template, context)
  File "C:\Users\darne\AppData\Roaming\Python\Python313\site-packages\flask\templating.py", line 131, in _render
    rv = template.render(context)
  File "C:\Python313\Lib\site-packages\jinja2\environment.py", line 1295, in render
    self.environment.handle_exception()
    ~~~~~~~~~~~~~~~~~~~~~~~~~~~~~~~~~^^
  File "C:\Python313\Lib\site-packages\jinja2\environment.py", line 942, in handle_exception
    raise rewrite_traceback_stack(source=source)
  File "F:\FamilyArchive\templates\dashboard_tailwind.html", line 1, in top-level template code
    {% extends "base.html" %}
  File "F:\FamilyArchive\templates\base.html", line 53, in top-level template code
    {% block content %}{% endblock %}
    ^^^^^^^^^^^^^^^^^
  File "F:\FamilyArchive\templates\dashboard_tailwind.html", line 61, in block 'content'
    <p class="text-xs text-gray-500">{{ item.uploaded_date[:10] }}</p>
    ^^^^^
TypeError: 'NoneType' object is not subscriptable
127.0.0.1 - - [26/Jan/2026 15:45:49] "GET /?__debugger__=yes&cmd=resource&f=style.css HTTP/1.1" 304 -
127.0.0.1 - - [26/Jan/2026 15:45:49] "GET /?__debugger__=yes&cmd=resource&f=debugger.js HTTP/1.1" 304 -
127.0.0.1 - - [26/Jan/2026 15:45:49] "GET /?__debugger__=yes&cmd=resource&f=console.png&s=tnJpyBFUJFlm72BvUfwP HTTP/1.1" 304 -
127.0.0.1 - - [26/Jan/2026 15:45:50] "GET /?__debugger__=yes&cmd=resource&f=console.png HTTP/1.1" 304 -
127.0.0.1 - - [26/Jan/2026 15:45:56] "GET / HTTP/1.1" 500 -
Traceback (most recent call last):
  File "C:\Users\darne\AppData\Roaming\Python\Python313\site-packages\flask\app.py", line 1536, in __call__
    return self.wsgi_app(environ, start_response)
           ~~~~~~~~~~~~~^^^^^^^^^^^^^^^^^^^^^^^^^
  File "C:\Users\darne\AppData\Roaming\Python\Python313\site-packages\flask\app.py", line 1514, in wsgi_app
    response = self.handle_exception(e)
  File "C:\Users\darne\AppData\Roaming\Python\Python313\site-packages\flask\app.py", line 1511, in wsgi_app
    response = self.full_dispatch_request()
  File "C:\Users\darne\AppData\Roaming\Python\Python313\site-packages\flask\app.py", line 919, in full_dispatch_request
    rv = self.handle_user_exception(e)
  File "C:\Users\darne\AppData\Roaming\Python\Python313\site-packages\flask\app.py", line 917, in full_dispatch_request
    rv = self.dispatch_request()
  File "C:\Users\darne\AppData\Roaming\Python\Python313\site-packages\flask\app.py", line 902, in dispatch_request
    return self.ensure_sync(self.view_functions[rule.endpoint])(**view_args)  # type: ignore[no-any-return]
           ~~~~~~~~~~~~~~~~~~~~~~~~~~~~~~~~~~~~~~~~~~~~~~~~~~~~^^^^^^^^^^^^^
  File "F:\FamilyArchive\dashboard_v8_final.py", line 64, in dashboard
    return render_template('dashboard_tailwind.html', stats=stats, recent_items=recent_items)
  File "C:\Users\darne\AppData\Roaming\Python\Python313\site-packages\flask\templating.py", line 150, in render_template
    return _render(app, template, context)
  File "C:\Users\darne\AppData\Roaming\Python\Python313\site-packages\flask\templating.py", line 131, in _render
    rv = template.render(context)
  File "C:\Python313\Lib\site-packages\jinja2\environment.py", line 1295, in render
    self.environment.handle_exception()
    ~~~~~~~~~~~~~~~~~~~~~~~~~~~~~~~~~^^
  File "C:\Python313\Lib\site-packages\jinja2\environment.py", line 942, in handle_exception
    raise rewrite_traceback_stack(source=source)
  File "F:\FamilyArchive\templates\dashboard_tailwind.html", line 1, in top-level template code
    {% extends "base.html" %}
  File "F:\FamilyArchive\templates\base.html", line 53, in top-level template code
    {% block content %}{% endblock %}
    ^^^^^^^^^^^^^^^^^
  File "F:\FamilyArchive\templates\dashboard_tailwind.html", line 61, in block 'content'
    <p class="text-xs text-gray-500">{{ item.uploaded_date[:10] }}</p>
    ^^^^^
TypeError: 'NoneType' object is not subscriptable
127.0.0.1 - - [26/Jan/2026 15:45:56] "GET /sharing HTTP/1.1" 200 -
127.0.0.1 - - [26/Jan/2026 15:45:56] "GET /duplicates HTTP/1.1" 200 -
127.0.0.1 - - [26/Jan/2026 15:46:17] "GET / HTTP/1.1" 500 -
Traceback (most recent call last):
  File "C:\Users\darne\AppData\Roaming\Python\Python313\site-packages\flask\app.py", line 1536, in __call__
    return self.wsgi_app(environ, start_response)
           ~~~~~~~~~~~~~^^^^^^^^^^^^^^^^^^^^^^^^^
  File "C:\Users\darne\AppData\Roaming\Python\Python313\site-packages\flask\app.py", line 1514, in wsgi_app
    response = self.handle_exception(e)
  File "C:\Users\darne\AppData\Roaming\Python\Python313\site-packages\flask\app.py", line 1511, in wsgi_app
    response = self.full_dispatch_request()
  File "C:\Users\darne\AppData\Roaming\Python\Python313\site-packages\flask\app.py", line 919, in full_dispatch_request
    rv = self.handle_user_exception(e)
  File "C:\Users\darne\AppData\Roaming\Python\Python313\site-packages\flask\app.py", line 917, in full_dispatch_request
    rv = self.dispatch_request()
  File "C:\Users\darne\AppData\Roaming\Python\Python313\site-packages\flask\app.py", line 902, in dispatch_request
    return self.ensure_sync(self.view_functions[rule.endpoint])(**view_args)  # type: ignore[no-any-return]
           ~~~~~~~~~~~~~~~~~~~~~~~~~~~~~~~~~~~~~~~~~~~~~~~~~~~~^^^^^^^^^^^^^
  File "F:\FamilyArchive\dashboard_v8_final.py", line 64, in dashboard
    return render_template('dashboard_tailwind.html', stats=stats, recent_items=recent_items)
  File "C:\Users\darne\AppData\Roaming\Python\Python313\site-packages\flask\templating.py", line 150, in render_template
    return _render(app, template, context)
  File "C:\Users\darne\AppData\Roaming\Python\Python313\site-packages\flask\templating.py", line 131, in _render
    rv = template.render(context)
  File "C:\Python313\Lib\site-packages\jinja2\environment.py", line 1295, in render
    self.environment.handle_exception()
    ~~~~~~~~~~~~~~~~~~~~~~~~~~~~~~~~~^^
  File "C:\Python313\Lib\site-packages\jinja2\environment.py", line 942, in handle_exception
    raise rewrite_traceback_stack(source=source)
  File "F:\FamilyArchive\templates\dashboard_tailwind.html", line 1, in top-level template code
    {% extends "base.html" %}
  File "F:\FamilyArchive\templates\base.html", line 53, in top-level template code
    {% block content %}{% endblock %}
    ^^^^^^^^^^^^^^^^^
  File "F:\FamilyArchive\templates\dashboard_tailwind.html", line 61, in block 'content'
    <p class="text-xs text-gray-500">{{ item.uploaded_date[:10] }}</p>
    ^^^^^
TypeError: 'NoneType' object is not subscriptable
127.0.0.1 - - [26/Jan/2026 15:46:17] "GET /?__debugger__=yes&cmd=resource&f=style.css HTTP/1.1" 304 -
127.0.0.1 - - [26/Jan/2026 15:46:18] "GET /?__debugger__=yes&cmd=resource&f=debugger.js HTTP/1.1" 304 -
127.0.0.1 - - [26/Jan/2026 15:46:18] "GET /?__debugger__=yes&cmd=resource&f=console.png&s=tnJpyBFUJFlm72BvUfwP HTTP/1.1" 304 -
127.0.0.1 - - [26/Jan/2026 15:46:18] "GET /?__debugger__=yes&cmd=resource&f=console.png HTTP/1.1" 304 -
127.0.0.1 - - [26/Jan/2026 15:46:30] "GET / HTTP/1.1" 500 -
Traceback (most recent call last):
  File "C:\Users\darne\AppData\Roaming\Python\Python313\site-packages\flask\app.py", line 1536, in __call__
    return self.wsgi_app(environ, start_response)
           ~~~~~~~~~~~~~^^^^^^^^^^^^^^^^^^^^^^^^^
  File "C:\Users\darne\AppData\Roaming\Python\Python313\site-packages\flask\app.py", line 1514, in wsgi_app
    response = self.handle_exception(e)
  File "C:\Users\darne\AppData\Roaming\Python\Python313\site-packages\flask\app.py", line 1511, in wsgi_app
    response = self.full_dispatch_request()
  File "C:\Users\darne\AppData\Roaming\Python\Python313\site-packages\flask\app.py", line 919, in full_dispatch_request
    rv = self.handle_user_exception(e)
  File "C:\Users\darne\AppData\Roaming\Python\Python313\site-packages\flask\app.py", line 917, in full_dispatch_request
    rv = self.dispatch_request()
  File "C:\Users\darne\AppData\Roaming\Python\Python313\site-packages\flask\app.py", line 902, in dispatch_request
    return self.ensure_sync(self.view_functions[rule.endpoint])(**view_args)  # type: ignore[no-any-return]
           ~~~~~~~~~~~~~~~~~~~~~~~~~~~~~~~~~~~~~~~~~~~~~~~~~~~~^^^^^^^^^^^^^
  File "F:\FamilyArchive\dashboard_v8_final.py", line 64, in dashboard
    return render_template('dashboard_tailwind.html', stats=stats, recent_items=recent_items)
  File "C:\Users\darne\AppData\Roaming\Python\Python313\site-packages\flask\templating.py", line 150, in render_template
    return _render(app, template, context)
  File "C:\Users\darne\AppData\Roaming\Python\Python313\site-packages\flask\templating.py", line 131, in _render
    rv = template.render(context)
  File "C:\Python313\Lib\site-packages\jinja2\environment.py", line 1295, in render
    self.environment.handle_exception()
    ~~~~~~~~~~~~~~~~~~~~~~~~~~~~~~~~~^^
  File "C:\Python313\Lib\site-packages\jinja2\environment.py", line 942, in handle_exception
    raise rewrite_traceback_stack(source=source)
  File "F:\FamilyArchive\templates\dashboard_tailwind.html", line 1, in top-level template code
    {% extends "base.html" %}
  File "F:\FamilyArchive\templates\base.html", line 53, in top-level template code
    {% block content %}{% endblock %}
    ^^^^^^^^^^^^^^^^^
  File "F:\FamilyArchive\templates\dashboard_tailwind.html", line 61, in block 'content'
    <p class="text-xs text-gray-500">{{ item.uploaded_date[:10] }}</p>
    ^^^^^
TypeError: 'NoneType' object is not subscriptable
127.0.0.1 - - [26/Jan/2026 15:46:41] "GET / HTTP/1.1" 500 -
Traceback (most recent call last):
  File "C:\Users\darne\AppData\Roaming\Python\Python313\site-packages\flask\app.py", line 1536, in __call__
    return self.wsgi_app(environ, start_response)
           ~~~~~~~~~~~~~^^^^^^^^^^^^^^^^^^^^^^^^^
  File "C:\Users\darne\AppData\Roaming\Python\Python313\site-packages\flask\app.py", line 1514, in wsgi_app
    response = self.handle_exception(e)
  File "C:\Users\darne\AppData\Roaming\Python\Python313\site-packages\flask\app.py", line 1511, in wsgi_app
    response = self.full_dispatch_request()
  File "C:\Users\darne\AppData\Roaming\Python\Python313\site-packages\flask\app.py", line 919, in full_dispatch_request
    rv = self.handle_user_exception(e)
  File "C:\Users\darne\AppData\Roaming\Python\Python313\site-packages\flask\app.py", line 917, in full_dispatch_request
    rv = self.dispatch_request()
  File "C:\Users\darne\AppData\Roaming\Python\Python313\site-packages\flask\app.py", line 902, in dispatch_request
    return self.ensure_sync(self.view_functions[rule.endpoint])(**view_args)  # type: ignore[no-any-return]
           ~~~~~~~~~~~~~~~~~~~~~~~~~~~~~~~~~~~~~~~~~~~~~~~~~~~~^^^^^^^^^^^^^
  File "F:\FamilyArchive\dashboard_v8_final.py", line 64, in dashboard
    return render_template('dashboard_tailwind.html', stats=stats, recent_items=recent_items)
  File "C:\Users\darne\AppData\Roaming\Python\Python313\site-packages\flask\templating.py", line 150, in render_template
    return _render(app, template, context)
  File "C:\Users\darne\AppData\Roaming\Python\Python313\site-packages\flask\templating.py", line 131, in _render
    rv = template.render(context)
  File "C:\Python313\Lib\site-packages\jinja2\environment.py", line 1295, in render
    self.environment.handle_exception()
    ~~~~~~~~~~~~~~~~~~~~~~~~~~~~~~~~~^^
  File "C:\Python313\Lib\site-packages\jinja2\environment.py", line 942, in handle_exception
    raise rewrite_traceback_stack(source=source)
  File "F:\FamilyArchive\templates\dashboard_tailwind.html", line 1, in top-level template code
    {% extends "base.html" %}
  File "F:\FamilyArchive\templates\base.html", line 53, in top-level template code
    {% block content %}{% endblock %}
    ^^^^^^^^^^^^^^^^^
  File "F:\FamilyArchive\templates\dashboard_tailwind.html", line 61, in block 'content'
    <p class="text-xs text-gray-500">{{ item.uploaded_date[:10] }}</p>
    ^^^^^
TypeError: 'NoneType' object is not subscriptable
127.0.0.1 - - [26/Jan/2026 15:47:08] "GET / HTTP/1.1" 500 -
Traceback (most recent call last):
  File "C:\Users\darne\AppData\Roaming\Python\Python313\site-packages\flask\app.py", line 1536, in __call__
    return self.wsgi_app(environ, start_response)
           ~~~~~~~~~~~~~^^^^^^^^^^^^^^^^^^^^^^^^^
  File "C:\Users\darne\AppData\Roaming\Python\Python313\site-packages\flask\app.py", line 1514, in wsgi_app
    response = self.handle_exception(e)
  File "C:\Users\darne\AppData\Roaming\Python\Python313\site-packages\flask\app.py", line 1511, in wsgi_app
    response = self.full_dispatch_request()
  File "C:\Users\darne\AppData\Roaming\Python\Python313\site-packages\flask\app.py", line 919, in full_dispatch_request
    rv = self.handle_user_exception(e)
  File "C:\Users\darne\AppData\Roaming\Python\Python313\site-packages\flask\app.py", line 917, in full_dispatch_request
    rv = self.dispatch_request()
  File "C:\Users\darne\AppData\Roaming\Python\Python313\site-packages\flask\app.py", line 902, in dispatch_request
    return self.ensure_sync(self.view_functions[rule.endpoint])(**view_args)  # type: ignore[no-any-return]
           ~~~~~~~~~~~~~~~~~~~~~~~~~~~~~~~~~~~~~~~~~~~~~~~~~~~~^^^^^^^^^^^^^
  File "F:\FamilyArchive\dashboard_v8_final.py", line 64, in dashboard
    return render_template('dashboard_tailwind.html', stats=stats, recent_items=recent_items)
  File "C:\Users\darne\AppData\Roaming\Python\Python313\site-packages\flask\templating.py", line 150, in render_template
    return _render(app, template, context)
  File "C:\Users\darne\AppData\Roaming\Python\Python313\site-packages\flask\templating.py", line 131, in _render
    rv = template.render(context)
  File "C:\Python313\Lib\site-packages\jinja2\environment.py", line 1295, in render
    self.environment.handle_exception()
    ~~~~~~~~~~~~~~~~~~~~~~~~~~~~~~~~~^^
  File "C:\Python313\Lib\site-packages\jinja2\environment.py", line 942, in handle_exception
    raise rewrite_traceback_stack(source=source)
  File "F:\FamilyArchive\templates\dashboard_tailwind.html", line 1, in top-level template code
    {% extends "base.html" %}
  File "F:\FamilyArchive\templates\base.html", line 53, in top-level template code
    {% block content %}{% endblock %}
    ^^^^^^^^^^^^^^^^^
  File "F:\FamilyArchive\templates\dashboard_tailwind.html", line 61, in block 'content'
    <p class="text-xs text-gray-500">{{ item.uploaded_date[:10] }}</p>
    ^^^^^
TypeError: 'NoneType' object is not subscriptable
127.0.0.1 - - [26/Jan/2026 16:03:37] "GET /approved HTTP/1.1" 200 -
127.0.0.1 - - [26/Jan/2026 16:03:37] "GET /static/dist/output.css HTTP/1.1" 404 -
127.0.0.1 - - [26/Jan/2026 16:03:39] "GET /thumbnail/1r9Ps_JsHxAj4l_bkmerGXDWZW68IsQkE HTTP/1.1" 200 -
127.0.0.1 - - [26/Jan/2026 16:03:39] "GET /favicon.ico HTTP/1.1" 404 -
 * Detected change in 'C:\\Python313\\Scripts\\Scrapers\\grantwatch_scraper_advanced.py', reloading
 * Restarting with watchdog (windowsapi)
 * Debugger is active!
 * Debugger PIN: 444-548-315
127.0.0.1 - - [26/Jan/2026 16:48:45] "GET / HTTP/1.1" 200 -
127.0.0.1 - - [26/Jan/2026 16:48:45] "GET /sharing HTTP/1.1" 200 -
127.0.0.1 - - [26/Jan/2026 16:48:45] "GET /duplicates HTTP/1.1" 200 -
 * Detected change in 'F:\\FamilyArchive\\backup_db.py', reloading
 * Restarting with watchdog (windowsapi)
 * Debugger is active!
 * Debugger PIN: 444-548-315
127.0.0.1 - - [26/Jan/2026 16:49:12] "GET / HTTP/1.1" 200 -
127.0.0.1 - - [26/Jan/2026 16:49:12] "GET /sharing HTTP/1.1" 200 -
127.0.0.1 - - [26/Jan/2026 16:49:12] "GET /duplicates HTTP/1.1" 200 -
127.0.0.1 - - [26/Jan/2026 19:47:33] "GET / HTTP/1.1" 200 -
127.0.0.1 - - [26/Jan/2026 19:47:33] "GET /sharing HTTP/1.1" 200 -
127.0.0.1 - - [26/Jan/2026 19:47:33] "GET /duplicates HTTP/1.1" 200 -
 * Detected change in 'F:\\FamilyArchive\\fix_schema.py', reloading
